<?xml version="1.0" encoding="UTF-8"?>
<!-- Generated by org.testng.reporters.JUnitReportReporter -->
<testsuite hostname="MSI" failures="0" tests="1"
	name="opencart.ProgrammaticTestSuite" time="0.659" errors="0"
	timestamp="2023-11-24T18:08:21 IST" skipped="0">
	<testcase classname="opencart.ProgrammaticTestSuite" name="executeTestSuite"
		time="0.659" />
	<system-out />
</testsuite> <!-- opencart.ProgrammaticTestSuite -->
