<?xml version="1.0" encoding="UTF-8"?>
<!-- Generated by org.testng.reporters.JUnitReportReporter -->
<testsuite hostname="MSI" failures="0" tests="18" name="opencart.Shopping"
	time="15.323" errors="0" timestamp="2023-11-27T16:15:03 IST" skipped="0">
	<testcase classname="opencart.Shopping" name="siteNavigationTestDownload"
		time="1.052" />
	<system-out />
	<testcase classname="opencart.Shopping" name="siteNavigationTestDemo"
		time="1.080" />
	<system-out />
	<testcase classname="opencart.Shopping" name="siteNavigationTestDemo"
		time="1.103" />
	<system-out />
	<testcase classname="opencart.Shopping" name="siteNavigationTestHomepage"
		time="0.044" />
	<system-out />
	<testcase classname="opencart.Shopping" name="siteNavigationTestBlog"
		time="1.015" />
	<system-out />
	<testcase classname="opencart.Shopping" name="siteNavigationTestFeatures"
		time="0.801" />
	<system-out />
	<testcase classname="opencart.Shopping" name="siteNavigationTestHomepage"
		time="0.033" />
	<system-out />
	<testcase classname="opencart.Shopping" name="siteNavigationTestFeatures"
		time="0.844" />
	<system-out />
	<testcase classname="opencart.Shopping" name="siteNavigationTestMarketplace"
		time="1.323" />
	<system-out />
	<testcase classname="opencart.Shopping" name="siteNavigationTestDemo"
		time="0.547" />
	<system-out />
	<testcase classname="opencart.Shopping" name="siteNavigationTestDownload"
		time="1.061" />
	<system-out />
	<testcase classname="opencart.Shopping" name="siteNavigationTestMarketplace"
		time="1.045" />
	<system-out />
	<testcase classname="opencart.Shopping" name="siteNavigationTestBlog"
		time="0.942" />
	<system-out />
	<testcase classname="opencart.Shopping" name="siteNavigationTestHomepage"
		time="0.060" />
	<system-out />
	<testcase classname="opencart.Shopping" name="siteNavigationTestFeatures"
		time="0.874" />
	<system-out />
	<testcase classname="opencart.Shopping" name="siteNavigationTestDownload"
		time="1.093" />
	<system-out />
	<testcase classname="opencart.Shopping" name="siteNavigationTestBlog"
		time="1.153" />
	<system-out />
	<testcase classname="opencart.Shopping" name="siteNavigationTestMarketplace"
		time="1.253" />
	<system-out />
</testsuite> <!-- opencart.Shopping -->
