<?xml version="1.0" encoding="UTF-8"?>
<!-- Generated by org.testng.reporters.JUnitReportReporter -->
<testsuite hostname="MSI" failures="0" tests="1" name="opencart.TestSuite"
	time="0.516" errors="0" timestamp="2023-11-24T21:33:20 IST" skipped="0">
	<testcase classname="opencart.TestSuite" name="executeTestSuite"
		time="0.516" />
	<system-out />
</testsuite> <!-- opencart.TestSuite -->
